TN:
SF:src\config\db.js
FNF:0
FNH:0
DA:1,1
DA:2,1
DA:3,1
DA:4,1
DA:5,1
DA:6,1
DA:7,1
DA:8,1
DA:9,1
DA:10,1
DA:11,1
LF:11
LH:11
BRF:0
BRH:0
end_of_record
TN:
SF:src\controllers\product.controller.js
FN:4,getAll
FN:14,getById
FN:33,create
FN:51,update
FN:78,delete
FNF:5
FNH:5
FNDA:2,getAll
FNDA:3,getById
FNDA:3,create
FNDA:4,update
FNDA:3,delete
DA:1,1
DA:2,1
DA:3,1
DA:4,1
DA:5,2
DA:6,2
DA:7,1
DA:8,1
DA:9,1
DA:10,1
DA:11,1
DA:12,2
DA:13,1
DA:14,1
DA:15,3
DA:16,3
DA:17,3
DA:18,2
DA:19,3
DA:20,1
DA:21,1
DA:22,1
DA:23,1
DA:24,1
DA:25,1
DA:26,1
DA:27,1
DA:28,1
DA:29,1
DA:30,1
DA:31,3
DA:32,1
DA:33,1
DA:34,3
DA:35,3
DA:36,1
DA:37,3
DA:38,2
DA:39,2
DA:40,2
DA:41,1
DA:42,1
DA:43,1
DA:44,1
DA:45,1
DA:46,1
DA:47,1
DA:48,2
DA:49,3
DA:50,1
DA:51,1
DA:52,4
DA:53,4
DA:54,4
DA:55,2
DA:56,4
DA:57,1
DA:58,1
DA:59,1
DA:60,1
DA:61,1
DA:62,1
DA:63,1
DA:64,4
DA:65,2
DA:66,2
DA:67,2
DA:68,1
DA:69,1
DA:70,1
DA:71,1
DA:72,1
DA:73,1
DA:74,1
DA:75,2
DA:76,4
DA:77,1
DA:78,1
DA:79,3
DA:80,3
DA:81,3
DA:82,2
DA:83,3
DA:84,1
DA:85,1
DA:86,1
DA:87,1
DA:88,1
DA:89,1
DA:90,1
DA:91,1
DA:92,1
DA:93,1
DA:94,1
DA:95,3
DA:96,1
DA:97,1
DA:98,1
LF:98
LH:98
BRDA:4,0,0,2
BRDA:6,1,0,1
BRDA:14,2,0,3
BRDA:17,3,0,2
BRDA:19,4,0,1
BRDA:33,5,0,3
BRDA:35,6,0,1
BRDA:37,7,0,2
BRDA:40,8,0,1
BRDA:51,9,0,4
BRDA:54,10,0,2
BRDA:56,11,0,1
BRDA:64,12,0,2
BRDA:67,13,0,1
BRDA:78,14,0,3
BRDA:81,15,0,2
BRDA:83,16,0,1
BRF:17
BRH:17
end_of_record
TN:
SF:src\db\schema.js
FNF:0
FNH:0
DA:1,1
DA:2,1
DA:3,1
DA:4,1
DA:5,1
DA:6,1
DA:7,1
DA:8,1
DA:9,1
DA:10,1
DA:11,1
DA:12,1
DA:13,1
DA:14,1
DA:15,1
DA:16,1
DA:17,1
DA:18,1
LF:18
LH:18
BRF:0
BRH:0
end_of_record
TN:
SF:src\routes\product.routes.js
FN:3,productRoutes
FNF:1
FNH:1
FNDA:19,productRoutes
DA:1,1
DA:2,1
DA:3,19
DA:4,19
DA:5,19
DA:6,19
DA:7,19
DA:8,19
DA:9,19
DA:10,19
DA:11,19
DA:12,19
DA:13,19
DA:14,19
DA:15,19
DA:16,19
DA:17,19
DA:18,19
DA:19,19
DA:20,19
DA:21,19
DA:22,19
DA:23,19
DA:24,19
DA:25,19
DA:26,19
DA:27,19
DA:28,19
DA:29,19
DA:30,19
DA:31,19
DA:32,19
DA:33,19
DA:34,19
DA:35,19
DA:36,19
DA:37,19
DA:38,19
DA:39,19
DA:40,19
DA:41,19
DA:42,19
DA:43,19
DA:44,19
DA:45,19
DA:46,19
DA:47,19
DA:48,19
DA:49,19
DA:50,19
DA:51,19
DA:52,19
DA:53,19
DA:54,19
DA:55,19
DA:56,19
DA:57,19
DA:58,19
DA:59,19
DA:60,19
DA:61,19
DA:62,19
DA:63,19
DA:64,19
DA:65,19
DA:66,19
DA:67,19
DA:68,19
DA:69,19
DA:70,19
DA:71,19
DA:72,19
DA:73,19
DA:74,19
DA:75,19
DA:76,19
DA:77,19
DA:78,19
DA:79,19
DA:80,19
DA:81,19
DA:82,19
DA:83,19
DA:84,19
DA:85,19
DA:86,19
DA:87,19
DA:88,19
DA:89,19
DA:90,19
DA:91,19
DA:92,19
DA:93,19
DA:94,19
DA:95,19
DA:96,19
DA:97,19
DA:98,19
DA:99,19
DA:100,19
DA:101,19
DA:102,19
DA:103,19
DA:104,19
DA:105,19
DA:106,19
DA:107,19
DA:108,19
DA:109,19
DA:110,19
DA:111,19
DA:112,19
DA:113,19
DA:114,19
DA:115,19
DA:116,19
DA:117,19
DA:118,19
DA:119,19
DA:120,19
DA:121,19
DA:122,19
DA:123,19
DA:124,19
DA:125,19
DA:126,19
DA:127,19
DA:128,19
DA:129,19
DA:130,19
DA:131,19
DA:132,19
DA:133,19
DA:134,19
DA:135,19
DA:136,19
DA:137,19
DA:138,19
DA:139,19
DA:140,19
DA:141,19
DA:142,19
DA:143,19
DA:144,19
DA:145,19
DA:146,19
DA:147,19
DA:148,19
DA:149,19
DA:150,19
DA:151,19
DA:152,19
DA:153,19
DA:154,19
DA:155,19
DA:156,19
DA:157,19
DA:158,19
DA:159,19
DA:160,19
DA:161,19
DA:162,19
DA:163,19
DA:164,19
DA:165,19
DA:166,19
DA:167,19
DA:168,19
DA:169,19
DA:170,19
DA:171,19
DA:172,19
DA:173,19
DA:174,19
DA:175,19
DA:176,19
DA:177,19
DA:178,19
DA:179,19
DA:180,19
DA:181,19
DA:182,19
DA:183,1
DA:184,1
LF:184
LH:184
BRDA:3,0,0,19
BRF:1
BRH:1
end_of_record
TN:
SF:src\services\auth.service.js
FN:7,register
FN:20,login
FNF:2
FNH:2
FNDA:2,register
FNDA:3,login
DA:1,1
DA:2,1
DA:3,1
DA:4,1
DA:5,1
DA:6,1
DA:7,1
DA:8,2
DA:9,2
DA:10,2
DA:11,2
DA:12,2
DA:13,2
DA:14,2
DA:15,2
DA:16,2
DA:17,1
DA:18,1
DA:19,1
DA:20,1
DA:21,3
DA:22,3
DA:23,3
DA:24,3
DA:25,3
DA:26,3
DA:27,3
DA:28,2
DA:29,2
DA:30,3
DA:31,1
DA:32,1
DA:33,1
DA:34,1
DA:35,1
DA:36,1
LF:36
LH:36
BRDA:7,0,0,2
BRDA:16,1,0,1
BRDA:20,2,0,3
BRDA:27,3,0,1
BRDA:27,4,0,2
BRDA:30,5,0,1
BRF:6
BRH:6
end_of_record
TN:
SF:src\services\product.service.js
FN:6,getAll
FN:10,getById
FN:15,create
FN:20,update
FN:25,delete
FNF:5
FNH:5
FNDA:1,getAll
FNDA:1,getById
FNDA:1,create
FNDA:1,update
FNDA:1,delete
DA:1,1
DA:2,1
DA:3,1
DA:4,1
DA:5,1
DA:6,1
DA:7,1
DA:8,1
DA:9,1
DA:10,1
DA:11,1
DA:12,1
DA:13,1
DA:14,1
DA:15,1
DA:16,1
DA:17,1
DA:18,1
DA:19,1
DA:20,1
DA:21,1
DA:22,1
DA:23,1
DA:24,1
DA:25,1
DA:26,1
DA:27,1
DA:28,1
DA:29,1
DA:30,1
DA:31,1
LF:31
LH:31
BRDA:6,0,0,1
BRDA:10,1,0,1
BRDA:15,2,0,1
BRDA:20,3,0,1
BRDA:25,4,0,1
BRF:5
BRH:5
end_of_record
TN:
SF:test\integration\app.mock.js
FN:5,buildTestApp
FNF:1
FNH:1
FNDA:19,buildTestApp
DA:1,1
DA:2,1
DA:3,1
DA:4,1
DA:5,19
DA:6,19
DA:7,19
DA:8,19
DA:9,19
DA:10,13
DA:11,13
DA:12,19
DA:13,19
DA:14,19
DA:15,19
DA:16,19
DA:17,19
DA:18,19
DA:19,1
DA:20,1
LF:20
LH:20
BRDA:5,0,0,19
BRDA:9,1,0,13
BRF:2
BRH:2
end_of_record
